<!doctype html>
<html lang="">
<head>
    <meta charset="UTF-8">
    <meta name="viewport"
          content="width=device-width, user-scalable=no, initial-scale=1.0, maximum-scale=1.0, minimum-scale=1.0">
    <meta http-equiv="X-UA-Compatible" content="ie=edge">
    <title>Test Results Report - ChromeTest</title>

    <link href="reportng.css" rel="stylesheet" type="text/css"/>
</head>
<body>
<div id="meta">
Generated by <a href="http://www.testng.org" target="_blank">TestNG</a> with <a href="https://github.com/testng-team/reportng" target="_blank">ReportNG</a>
at 20:36 EET on Saturday 02 March 2024
    <br/><span
    id="systemInfo">abdel@DESKTOP-1LK6FN5&nbsp;/&nbsp;Java 17.0.9 (Oracle Corporation)&nbsp;/&nbsp;Windows 10 10.0 (amd64)</span>
</div>
<h1>ChromeTest</h1>

<p>
    <a href="index.html">Suites</a>
        &#183; <a href="output.html">Log Output</a>
</p>

<p>Test duration
    : 94.806s</p>


    <table class="resultsTable">
        <tr>
            <th colspan="3" class="header failed">Failed Tests</th>
        </tr>
            <tr>
                <td class="group" colspan="3">CompletingPurchasesTest</td>
            </tr>
    <tr>
        <td class="method">
                loggedUserCompletePurchasesWithValidData
        </td>
        <td class="duration">
            7.752s
        </td>
        <td class="result">
            <!-- Display the dependencies for skipped test methods -->

                <i>Method arguments: </i>
                <span class="arguments">
                    "Mawadda103392372379@test.com", "test12345678"
                </span>
                <br/>

            <!-- Show logger output for the test -->

                <a href="javascript:toggleElement('exception-0', 'block')"
                   title="Click to expand/collapse">
                    <b>org.openqa.selenium.TimeoutException: Expected condition failed: waiting for visibility of element located by By.linkText: Checkout (tried for 4 second(s) with 500 milliseconds interval)<br/>
Build info: version: &apos;4.18.1&apos;, revision: &apos;b1d3319b48&apos;<br/>
System info: os.name: &apos;Windows 10&apos;, os.arch: &apos;amd64&apos;, os.version: &apos;10.0&apos;, java.version: &apos;17.0.9&apos;<br/>
Driver info: org.openqa.selenium.chrome.ChromeDriver<br/>
Capabilities {acceptInsecureCerts: false, browserName: chrome, browserVersion: 122.0.6261.95, chrome: {chromedriverVersion: 122.0.6261.94 (880dbf29479c..., userDataDir: C:\Users\abdel\AppData\Loca...}, fedcm:accounts: true, goog:chromeOptions: {debuggerAddress: localhost:63797}, networkConnectionEnabled: false, pageLoadStrategy: normal, platformName: windows, proxy: Proxy(), se:cdp: ws://localhost:63797/devtoo..., se:cdpVersion: 122.0.6261.95, setWindowRect: true, strictFileInteractability: false, timeouts: {implicit: 0, pageLoad: 300000, script: 30000}, unhandledPromptBehavior: dismiss and notify, webauthn:extension:credBlob: true, webauthn:extension:largeBlob: true, webauthn:extension:minPinLength: true, webauthn:extension:prf: true, webauthn:virtualAuthenticators: true}<br/>
Session ID: b89281faa28539eab2ce7d5a4de79967</b>
                </a>
                <br/>
                <div class="stackTrace" id="exception-0">
                        org.openqa.selenium.support.ui.WebDriverWait.timeoutException(WebDriverWait.java:84)<br/>
                        org.openqa.selenium.support.ui.FluentWait.until(FluentWait.java:228)<br/>
                        CompletingPurchasesTest.loggedUserCompletePurchasesWithValidData(CompletingPurchasesTest.java:93)<br/>
                        java.base/jdk.internal.reflect.NativeMethodAccessorImpl.invoke0(Native Method)<br/>
                        java.base/jdk.internal.reflect.NativeMethodAccessorImpl.invoke(NativeMethodAccessorImpl.java:77)<br/>
                        java.base/jdk.internal.reflect.DelegatingMethodAccessorImpl.invoke(DelegatingMethodAccessorImpl.java:43)<br/>
                        java.base/java.lang.reflect.Method.invoke(Method.java:568)<br/>
                        org.testng.internal.invokers.MethodInvocationHelper.invokeMethod(MethodInvocationHelper.java:139)<br/>
                        org.testng.internal.invokers.TestInvoker.invokeMethod(TestInvoker.java:664)<br/>
                        org.testng.internal.invokers.TestInvoker.invokeTestMethod(TestInvoker.java:228)<br/>
                        org.testng.internal.invokers.MethodRunner.runInSequence(MethodRunner.java:63)<br/>
                        org.testng.internal.invokers.TestInvoker$MethodInvocationAgent.invoke(TestInvoker.java:961)<br/>
                        org.testng.internal.invokers.TestInvoker.invokeTestMethods(TestInvoker.java:201)<br/>
                        org.testng.internal.invokers.TestMethodWorker.invokeTestMethods(TestMethodWorker.java:148)<br/>
                        org.testng.internal.invokers.TestMethodWorker.run(TestMethodWorker.java:128)<br/>
                        java.base/java.util.ArrayList.forEach(ArrayList.java:1511)<br/>
                        org.testng.TestRunner.privateRun(TestRunner.java:819)<br/>
                        org.testng.TestRunner.run(TestRunner.java:619)<br/>
                        org.testng.SuiteRunner.runTest(SuiteRunner.java:443)<br/>
                        org.testng.SuiteRunner.runSequentially(SuiteRunner.java:437)<br/>
                        org.testng.SuiteRunner.privateRun(SuiteRunner.java:397)<br/>
                        org.testng.SuiteRunner.run(SuiteRunner.java:336)<br/>
                        org.testng.SuiteRunnerWorker.runSuite(SuiteRunnerWorker.java:52)<br/>
                        org.testng.SuiteRunnerWorker.run(SuiteRunnerWorker.java:95)<br/>
                        org.testng.TestNG.runSuitesSequentially(TestNG.java:1301)<br/>
                        org.testng.TestNG.runSuitesLocally(TestNG.java:1228)<br/>
                        org.testng.TestNG.runSuites(TestNG.java:1134)<br/>
                        org.testng.TestNG.run(TestNG.java:1101)<br/>
                        com.intellij.rt.testng.IDEARemoteTestNG.run(IDEARemoteTestNG.java:65)<br/>
                        com.intellij.rt.testng.RemoteTestNGStarter.main(RemoteTestNGStarter.java:105)<br/>
                </div>
        </td>
    </tr>
            <tr>
                <td class="group" colspan="3">SearchTest</td>
            </tr>
    <tr>
        <td class="method">
                searchesForNonExistentProduct
        </td>
        <td class="duration">
            2.040s
        </td>
        <td class="result">
            <!-- Display the dependencies for skipped test methods -->

                <i>Method arguments: </i>
                <span class="arguments">
                    "Hello"
                </span>
                <br/>

            <!-- Show logger output for the test -->

                <a href="javascript:toggleElement('exception-1', 'block')"
                   title="Click to expand/collapse">
                    <b>java.lang.AssertionError: Search Functionality dose not word probably expected [0] but found [32]</b>
                </a>
                <br/>
                <div class="stackTrace" id="exception-1">
                        org.testng.Assert.fail(Assert.java:111)<br/>
                        org.testng.Assert.failNotEquals(Assert.java:1578)<br/>
                        org.testng.Assert.assertEqualsImpl(Assert.java:150)<br/>
                        org.testng.Assert.assertEquals(Assert.java:132)<br/>
                        org.testng.Assert.assertEquals(Assert.java:1419)<br/>
                        org.testng.Assert.assertEquals(Assert.java:1383)<br/>
                        SearchTest.searchesForNonExistentProduct(SearchTest.java:74)<br/>
                        java.base/jdk.internal.reflect.NativeMethodAccessorImpl.invoke0(Native Method)<br/>
                        java.base/jdk.internal.reflect.NativeMethodAccessorImpl.invoke(NativeMethodAccessorImpl.java:77)<br/>
                        java.base/jdk.internal.reflect.DelegatingMethodAccessorImpl.invoke(DelegatingMethodAccessorImpl.java:43)<br/>
                        java.base/java.lang.reflect.Method.invoke(Method.java:568)<br/>
                        org.testng.internal.invokers.MethodInvocationHelper.invokeMethod(MethodInvocationHelper.java:139)<br/>
                        org.testng.internal.invokers.TestInvoker.invokeMethod(TestInvoker.java:664)<br/>
                        org.testng.internal.invokers.TestInvoker.invokeTestMethod(TestInvoker.java:228)<br/>
                        org.testng.internal.invokers.MethodRunner.runInSequence(MethodRunner.java:63)<br/>
                        org.testng.internal.invokers.TestInvoker$MethodInvocationAgent.invoke(TestInvoker.java:961)<br/>
                        org.testng.internal.invokers.TestInvoker.invokeTestMethods(TestInvoker.java:201)<br/>
                        org.testng.internal.invokers.TestMethodWorker.invokeTestMethods(TestMethodWorker.java:148)<br/>
                        org.testng.internal.invokers.TestMethodWorker.run(TestMethodWorker.java:128)<br/>
                        java.base/java.util.ArrayList.forEach(ArrayList.java:1511)<br/>
                        org.testng.TestRunner.privateRun(TestRunner.java:819)<br/>
                        org.testng.TestRunner.run(TestRunner.java:619)<br/>
                        org.testng.SuiteRunner.runTest(SuiteRunner.java:443)<br/>
                        org.testng.SuiteRunner.runSequentially(SuiteRunner.java:437)<br/>
                        org.testng.SuiteRunner.privateRun(SuiteRunner.java:397)<br/>
                        org.testng.SuiteRunner.run(SuiteRunner.java:336)<br/>
                        org.testng.SuiteRunnerWorker.runSuite(SuiteRunnerWorker.java:52)<br/>
                        org.testng.SuiteRunnerWorker.run(SuiteRunnerWorker.java:95)<br/>
                        org.testng.TestNG.runSuitesSequentially(TestNG.java:1301)<br/>
                        org.testng.TestNG.runSuitesLocally(TestNG.java:1228)<br/>
                        org.testng.TestNG.runSuites(TestNG.java:1134)<br/>
                        org.testng.TestNG.run(TestNG.java:1101)<br/>
                        com.intellij.rt.testng.IDEARemoteTestNG.run(IDEARemoteTestNG.java:65)<br/>
                        com.intellij.rt.testng.RemoteTestNGStarter.main(RemoteTestNGStarter.java:105)<br/>
                </div>
        </td>
    </tr>
    <tr>
        <td class="method">
                searchesForNonExistentProduct
        </td>
        <td class="duration">
            2.183s
        </td>
        <td class="result">
            <!-- Display the dependencies for skipped test methods -->

                <i>Method arguments: </i>
                <span class="arguments">
                    "Mobile phone"
                </span>
                <br/>

            <!-- Show logger output for the test -->

                <a href="javascript:toggleElement('exception-2', 'block')"
                   title="Click to expand/collapse">
                    <b>java.lang.AssertionError: Search Functionality dose not word probably expected [0] but found [32]</b>
                </a>
                <br/>
                <div class="stackTrace" id="exception-2">
                        org.testng.Assert.fail(Assert.java:111)<br/>
                        org.testng.Assert.failNotEquals(Assert.java:1578)<br/>
                        org.testng.Assert.assertEqualsImpl(Assert.java:150)<br/>
                        org.testng.Assert.assertEquals(Assert.java:132)<br/>
                        org.testng.Assert.assertEquals(Assert.java:1419)<br/>
                        org.testng.Assert.assertEquals(Assert.java:1383)<br/>
                        SearchTest.searchesForNonExistentProduct(SearchTest.java:74)<br/>
                        java.base/jdk.internal.reflect.NativeMethodAccessorImpl.invoke0(Native Method)<br/>
                        java.base/jdk.internal.reflect.NativeMethodAccessorImpl.invoke(NativeMethodAccessorImpl.java:77)<br/>
                        java.base/jdk.internal.reflect.DelegatingMethodAccessorImpl.invoke(DelegatingMethodAccessorImpl.java:43)<br/>
                        java.base/java.lang.reflect.Method.invoke(Method.java:568)<br/>
                        org.testng.internal.invokers.MethodInvocationHelper.invokeMethod(MethodInvocationHelper.java:139)<br/>
                        org.testng.internal.invokers.TestInvoker.invokeMethod(TestInvoker.java:664)<br/>
                        org.testng.internal.invokers.TestInvoker.invokeTestMethod(TestInvoker.java:228)<br/>
                        org.testng.internal.invokers.MethodRunner.runInSequence(MethodRunner.java:63)<br/>
                        org.testng.internal.invokers.TestInvoker$MethodInvocationAgent.invoke(TestInvoker.java:961)<br/>
                        org.testng.internal.invokers.TestInvoker.invokeTestMethods(TestInvoker.java:201)<br/>
                        org.testng.internal.invokers.TestMethodWorker.invokeTestMethods(TestMethodWorker.java:148)<br/>
                        org.testng.internal.invokers.TestMethodWorker.run(TestMethodWorker.java:128)<br/>
                        java.base/java.util.ArrayList.forEach(ArrayList.java:1511)<br/>
                        org.testng.TestRunner.privateRun(TestRunner.java:819)<br/>
                        org.testng.TestRunner.run(TestRunner.java:619)<br/>
                        org.testng.SuiteRunner.runTest(SuiteRunner.java:443)<br/>
                        org.testng.SuiteRunner.runSequentially(SuiteRunner.java:437)<br/>
                        org.testng.SuiteRunner.privateRun(SuiteRunner.java:397)<br/>
                        org.testng.SuiteRunner.run(SuiteRunner.java:336)<br/>
                        org.testng.SuiteRunnerWorker.runSuite(SuiteRunnerWorker.java:52)<br/>
                        org.testng.SuiteRunnerWorker.run(SuiteRunnerWorker.java:95)<br/>
                        org.testng.TestNG.runSuitesSequentially(TestNG.java:1301)<br/>
                        org.testng.TestNG.runSuitesLocally(TestNG.java:1228)<br/>
                        org.testng.TestNG.runSuites(TestNG.java:1134)<br/>
                        org.testng.TestNG.run(TestNG.java:1101)<br/>
                        com.intellij.rt.testng.IDEARemoteTestNG.run(IDEARemoteTestNG.java:65)<br/>
                        com.intellij.rt.testng.RemoteTestNGStarter.main(RemoteTestNGStarter.java:105)<br/>
                </div>
        </td>
    </tr>
    </table>


    <table class="resultsTable" width="100%">
        <tr>
            <th colspan="3" class="header passed">Passed Tests</th>
        </tr>
            <tr>
                <td class="group" colspan="3">AddingItemsToTheCartTest</td>
            </tr>
    <tr>
        <td class="method">
                addLaptopToCart
        </td>
        <td class="duration">
            4.131s
        </td>
        <td class="result">
            <!-- Display the dependencies for skipped test methods -->


            <!-- Show logger output for the test -->

        </td>
    </tr>
    <tr>
        <td class="method">
                addMultipleItemsToCart
        </td>
        <td class="duration">
            6.542s
        </td>
        <td class="result">
            <!-- Display the dependencies for skipped test methods -->


            <!-- Show logger output for the test -->

        </td>
    </tr>
            <tr>
                <td class="group" colspan="3">CompletingPurchasesTest</td>
            </tr>
    <tr>
        <td class="method">
                loggedUserCompletePurchasesWithOutAddress
        </td>
        <td class="duration">
            4.145s
        </td>
        <td class="result">
            <!-- Display the dependencies for skipped test methods -->

                <i>Method arguments: </i>
                <span class="arguments">
                    "Mawadda103392372379@test.com", "test12345678"
                </span>
                <br/>

            <!-- Show logger output for the test -->

        </td>
    </tr>
            <tr>
                <td class="group" colspan="3">RegistrationTest</td>
            </tr>
    <tr>
        <td class="method">
                registerWithEmailAlreadyUsed
        </td>
        <td class="duration">
            2.028s
        </td>
        <td class="result">
            <!-- Display the dependencies for skipped test methods -->


            <!-- Show logger output for the test -->

        </td>
    </tr>
    <tr>
        <td class="method">
                registerWithInvalidEmailFormat
        </td>
        <td class="duration">
            1.019s
        </td>
        <td class="result">
            <!-- Display the dependencies for skipped test methods -->


            <!-- Show logger output for the test -->

        </td>
    </tr>
    <tr>
        <td class="method">
                registerWithValidCredentials
        </td>
        <td class="duration">
            8.504s
        </td>
        <td class="result">
            <!-- Display the dependencies for skipped test methods -->

                <i>Method arguments: </i>
                <span class="arguments">
                    "Mawadda103392372379@test.com", "test12345678"
                </span>
                <br/>

            <!-- Show logger output for the test -->

        </td>
    </tr>
            <tr>
                <td class="group" colspan="3">RemovingItemsFromCartTest</td>
            </tr>
    <tr>
        <td class="method">
                userRemovingItemFromCart
        </td>
        <td class="duration">
            2.620s
        </td>
        <td class="result">
            <!-- Display the dependencies for skipped test methods -->


            <!-- Show logger output for the test -->

        </td>
    </tr>
            <tr>
                <td class="group" colspan="3">SearchTest</td>
            </tr>
    <tr>
        <td class="method">
                searchesForSpecificLaptop
        </td>
        <td class="duration">
            1.554s
        </td>
        <td class="result">
            <!-- Display the dependencies for skipped test methods -->


            <!-- Show logger output for the test -->

        </td>
    </tr>
    </table>

<script type="text/javascript" src="reportng.js"></script>
</body>
